2024-05-14 13:18:19,300 - INFO: 训练集大小:   6728
2024-05-14 13:18:19,300 - INFO: 验证集大小:   91
2024-05-14 13:18:19,300 - INFO: 数据集类别数: 2
2024-05-14 13:18:19,300 - INFO: 损失函数: CrossEntropyLoss()
2024-05-14 13:18:19,300 - INFO: 优化器: Adam (
Parameter Group 0
    amsgrad: False
    betas: (0.9, 0.999)
    capturable: False
    differentiable: False
    eps: 1e-08
    foreach: None
    fused: None
    initial_lr: 0.001
    lr: 1e-05
    maximize: False
    weight_decay: 0
)
2024-05-14 13:18:19,300 - INFO: 全局种子: 22
2024-05-14 13:18:19,301 - INFO: ====================================================================================================
2024-05-14 13:18:20,401 - INFO: Epoch(train)  [1][0/106]  lr: 0.000010  train_loss: 0.697090  train_acc.: 0.484375
2024-05-14 13:18:30,973 - INFO: Epoch(train)  [1][50/106]  lr: 0.000124  train_loss: 0.520894  train_acc.: 0.781250
2024-05-14 13:18:41,565 - INFO: Epoch(train)  [1][100/106]  lr: 0.000241  train_loss: 0.512780  train_acc.: 0.718750
2024-05-14 13:18:44,080 - INFO: acc: 0.7802197802197802
2024-05-14 13:18:45,305 - INFO: 
catagory          AP    F1_Score
----------  --------  ----------
tumourous   0.94273     0.818182
no_tumo     0.858734    0.722222
average     0.900732    0.770202
2024-05-14 13:18:47,473 - INFO: best checkpoint has saved !
2024-05-14 13:18:47,474 - INFO: ====================================================================================================
2024-05-14 13:18:47,474 - INFO: Epoch  [1]  mean_val_acc.: 0.78022  mAP: 1.80146  mF1Score: 1.54040  best_val_epoch: 1
2024-05-14 13:18:47,474 - INFO: ====================================================================================================
2024-05-14 13:18:47,979 - INFO: Epoch(train)  [2][0/106]  lr: 0.000255  train_loss: 0.359162  train_acc.: 0.843750
2024-05-14 13:18:58,719 - INFO: Epoch(train)  [2][50/106]  lr: 0.000372  train_loss: 0.311218  train_acc.: 0.843750
2024-05-14 13:19:09,438 - INFO: Epoch(train)  [2][100/106]  lr: 0.000489  train_loss: 0.404158  train_acc.: 0.796875
2024-05-14 13:19:11,707 - INFO: acc: 0.6043956043956044
2024-05-14 13:19:12,806 - INFO: 
catagory          AP    F1_Score
----------  --------  ----------
tumourous   0.857399    0.704918
no_tumo     0.651616    0.4
average     0.754507    0.552459
2024-05-14 13:19:14,955 - INFO: ====================================================================================================
2024-05-14 13:19:14,955 - INFO: Epoch  [2]  mean_val_acc.: 0.60440  mAP: 1.50901  mF1Score: 1.10492  best_val_epoch: 1
2024-05-14 13:19:14,955 - INFO: ====================================================================================================
2024-05-14 13:19:15,554 - INFO: Epoch(train)  [3][0/106]  lr: 0.000503  train_loss: 0.421908  train_acc.: 0.796875
2024-05-14 13:19:26,188 - INFO: Epoch(train)  [3][50/106]  lr: 0.000619  train_loss: 0.422016  train_acc.: 0.781250
2024-05-14 13:19:36,910 - INFO: Epoch(train)  [3][100/106]  lr: 0.000736  train_loss: 0.322065  train_acc.: 0.828125
2024-05-14 13:19:39,047 - INFO: acc: 0.8131868131868132
2024-05-14 13:19:40,084 - INFO: 
catagory          AP    F1_Score
----------  --------  ----------
tumourous   0.893028    0.813187
no_tumo     0.829135    0.813187
average     0.861082    0.813187
2024-05-14 13:19:42,361 - INFO: best checkpoint has saved !
2024-05-14 13:19:42,362 - INFO: ====================================================================================================
2024-05-14 13:19:42,362 - INFO: Epoch  [3]  mean_val_acc.: 0.81319  mAP: 1.72216  mF1Score: 1.62637  best_val_epoch: 3
2024-05-14 13:19:42,362 - INFO: ====================================================================================================
2024-05-14 13:19:42,943 - INFO: Epoch(train)  [4][0/106]  lr: 0.000750  train_loss: 0.378125  train_acc.: 0.812500
2024-05-14 13:19:53,627 - INFO: Epoch(train)  [4][50/106]  lr: 0.000867  train_loss: 0.443735  train_acc.: 0.812500
2024-05-14 13:20:04,607 - INFO: Epoch(train)  [4][100/106]  lr: 0.000984  train_loss: 0.314416  train_acc.: 0.875000
2024-05-14 13:20:06,750 - INFO: acc: 0.7802197802197802
2024-05-14 13:20:07,817 - INFO: 
catagory          AP    F1_Score
----------  --------  ----------
tumourous   0.915171    0.811321
no_tumo     0.744265    0.736842
average     0.829718    0.774081
2024-05-14 13:20:10,026 - INFO: ====================================================================================================
2024-05-14 13:20:10,026 - INFO: Epoch  [4]  mean_val_acc.: 0.78022  mAP: 1.65944  mF1Score: 1.54816  best_val_epoch: 3
2024-05-14 13:20:10,027 - INFO: ====================================================================================================
2024-05-14 13:20:10,615 - INFO: Epoch(train)  [5][0/106]  lr: 0.000998  train_loss: 0.209034  train_acc.: 0.937500
2024-05-14 13:20:21,046 - INFO: Epoch(train)  [5][50/106]  lr: 0.000981  train_loss: 0.327638  train_acc.: 0.843750
2024-05-14 13:20:31,944 - INFO: Epoch(train)  [5][100/106]  lr: 0.000976  train_loss: 0.366867  train_acc.: 0.828125
2024-05-14 13:20:34,155 - INFO: acc: 0.7582417582417582
2024-05-14 13:20:35,386 - INFO: 
catagory          AP    F1_Score
----------  --------  ----------
tumourous   0.927908    0.796296
no_tumo     0.83217     0.702703
average     0.880039    0.749499
2024-05-14 13:20:37,620 - INFO: ====================================================================================================
2024-05-14 13:20:37,620 - INFO: Epoch  [5]  mean_val_acc.: 0.75824  mAP: 1.76008  mF1Score: 1.49900  best_val_epoch: 3
2024-05-14 13:20:37,620 - INFO: ====================================================================================================
2024-05-14 13:20:38,142 - INFO: Epoch(train)  [6][0/106]  lr: 0.000976  train_loss: 0.326422  train_acc.: 0.843750
2024-05-14 13:20:48,676 - INFO: Epoch(train)  [6][50/106]  lr: 0.000971  train_loss: 0.317211  train_acc.: 0.828125
2024-05-14 13:20:59,556 - INFO: Epoch(train)  [6][100/106]  lr: 0.000966  train_loss: 0.234820  train_acc.: 0.921875
2024-05-14 13:21:01,727 - INFO: acc: 0.8131868131868132
2024-05-14 13:21:02,787 - INFO: 
catagory          AP    F1_Score
----------  --------  ----------
tumourous   0.902775    0.828283
no_tumo     0.761973    0.795181
average     0.832374    0.811732
2024-05-14 13:21:04,997 - INFO: ====================================================================================================
2024-05-14 13:21:04,997 - INFO: Epoch  [6]  mean_val_acc.: 0.81319  mAP: 1.66475  mF1Score: 1.62346  best_val_epoch: 3
2024-05-14 13:21:04,998 - INFO: ====================================================================================================
2024-05-14 13:21:05,536 - INFO: Epoch(train)  [7][0/106]  lr: 0.000965  train_loss: 0.233799  train_acc.: 0.906250
2024-05-14 13:21:16,318 - INFO: Epoch(train)  [7][50/106]  lr: 0.000960  train_loss: 0.287984  train_acc.: 0.875000
2024-05-14 13:21:27,065 - INFO: Epoch(train)  [7][100/106]  lr: 0.000954  train_loss: 0.276335  train_acc.: 0.890625
2024-05-14 13:21:29,285 - INFO: acc: 0.7032967032967034
2024-05-14 13:21:30,357 - INFO: 
catagory          AP    F1_Score
----------  --------  ----------
tumourous   0.902016    0.756757
no_tumo     0.698179    0.619718
average     0.800098    0.688238
2024-05-14 13:21:32,631 - INFO: ====================================================================================================
2024-05-14 13:21:32,631 - INFO: Epoch  [7]  mean_val_acc.: 0.70330  mAP: 1.60020  mF1Score: 1.37648  best_val_epoch: 3
2024-05-14 13:21:32,631 - INFO: ====================================================================================================
2024-05-14 13:21:33,163 - INFO: Epoch(train)  [8][0/106]  lr: 0.000953  train_loss: 0.370677  train_acc.: 0.843750
2024-05-14 13:21:44,080 - INFO: Epoch(train)  [8][50/106]  lr: 0.000947  train_loss: 0.261950  train_acc.: 0.890625
2024-05-14 13:21:55,032 - INFO: Epoch(train)  [8][100/106]  lr: 0.000940  train_loss: 0.327148  train_acc.: 0.843750
2024-05-14 13:21:57,155 - INFO: acc: 0.7692307692307693
2024-05-14 13:21:58,260 - INFO: 
catagory          AP    F1_Score
----------  --------  ----------
tumourous   0.899808    0.792079
no_tumo     0.766025    0.740741
average     0.832916    0.76641
2024-05-14 13:22:00,541 - INFO: ====================================================================================================
2024-05-14 13:22:00,541 - INFO: Epoch  [8]  mean_val_acc.: 0.76923  mAP: 1.66583  mF1Score: 1.53282  best_val_epoch: 3
2024-05-14 13:22:00,541 - INFO: ====================================================================================================
2024-05-14 13:22:01,128 - INFO: Epoch(train)  [9][0/106]  lr: 0.000939  train_loss: 0.392241  train_acc.: 0.859375
2024-05-14 13:22:12,092 - INFO: Epoch(train)  [9][50/106]  lr: 0.000932  train_loss: 0.328583  train_acc.: 0.843750
2024-05-14 13:22:22,950 - INFO: Epoch(train)  [9][100/106]  lr: 0.000924  train_loss: 0.202201  train_acc.: 0.921875
2024-05-14 13:22:25,871 - INFO: acc: 0.7692307692307693
2024-05-14 13:22:26,951 - INFO: 
catagory          AP    F1_Score
----------  --------  ----------
tumourous   0.92975     0.803738
no_tumo     0.835254    0.72
average     0.882502    0.761869
2024-05-14 13:22:29,194 - INFO: ====================================================================================================
2024-05-14 13:22:29,194 - INFO: Epoch  [9]  mean_val_acc.: 0.76923  mAP: 1.76500  mF1Score: 1.52374  best_val_epoch: 3
2024-05-14 13:22:29,195 - INFO: ====================================================================================================
2024-05-14 13:22:29,774 - INFO: Epoch(train)  [10][0/106]  lr: 0.000923  train_loss: 0.358101  train_acc.: 0.828125
2024-05-14 13:22:40,543 - INFO: Epoch(train)  [10][50/106]  lr: 0.000915  train_loss: 0.181443  train_acc.: 0.921875
2024-05-14 13:22:51,283 - INFO: Epoch(train)  [10][100/106]  lr: 0.000907  train_loss: 0.268455  train_acc.: 0.875000
2024-05-14 13:22:53,583 - INFO: acc: 0.7032967032967034
2024-05-14 13:22:54,667 - INFO: 
catagory          AP    F1_Score
----------  --------  ----------
tumourous   0.861352    0.756757
no_tumo     0.751066    0.619718
average     0.806209    0.688238
2024-05-14 13:22:56,905 - INFO: ====================================================================================================
2024-05-14 13:22:56,905 - INFO: Epoch  [10]  mean_val_acc.: 0.70330  mAP: 1.61242  mF1Score: 1.37648  best_val_epoch: 3
2024-05-14 13:22:56,905 - INFO: ====================================================================================================
2024-05-14 13:22:57,459 - INFO: Epoch(train)  [11][0/106]  lr: 0.000906  train_loss: 0.166361  train_acc.: 0.921875
2024-05-14 13:23:08,147 - INFO: Epoch(train)  [11][50/106]  lr: 0.000897  train_loss: 0.341892  train_acc.: 0.875000
2024-05-14 13:23:18,870 - INFO: Epoch(train)  [11][100/106]  lr: 0.000888  train_loss: 0.279469  train_acc.: 0.859375
2024-05-14 13:23:21,167 - INFO: acc: 0.7142857142857143
2024-05-14 13:23:22,251 - INFO: 
catagory          AP    F1_Score
----------  --------  ----------
tumourous   0.852475    0.759259
no_tumo     0.737906    0.648649
average     0.795191    0.703954
2024-05-14 13:23:24,535 - INFO: ====================================================================================================
2024-05-14 13:23:24,535 - INFO: Epoch  [11]  mean_val_acc.: 0.71429  mAP: 1.59038  mF1Score: 1.40791  best_val_epoch: 3
2024-05-14 13:23:24,535 - INFO: ====================================================================================================
2024-05-14 13:23:25,137 - INFO: Epoch(train)  [12][0/106]  lr: 0.000887  train_loss: 0.187745  train_acc.: 0.937500
2024-05-14 13:23:36,165 - INFO: Epoch(train)  [12][50/106]  lr: 0.000877  train_loss: 0.327101  train_acc.: 0.875000
2024-05-14 13:23:47,059 - INFO: Epoch(train)  [12][100/106]  lr: 0.000867  train_loss: 0.323951  train_acc.: 0.828125
2024-05-14 13:23:49,234 - INFO: acc: 0.6153846153846154
2024-05-14 13:23:50,298 - INFO: 
catagory          AP    F1_Score
----------  --------  ----------
tumourous   0.83046     0.690265
no_tumo     0.629456    0.492754
average     0.729958    0.59151
2024-05-14 13:23:52,710 - INFO: ====================================================================================================
2024-05-14 13:23:52,710 - INFO: Epoch  [12]  mean_val_acc.: 0.61538  mAP: 1.45992  mF1Score: 1.18302  best_val_epoch: 3
2024-05-14 13:23:52,710 - INFO: ====================================================================================================
2024-05-14 13:23:53,293 - INFO: Epoch(train)  [13][0/106]  lr: 0.000866  train_loss: 0.222622  train_acc.: 0.890625
2024-05-14 13:24:03,960 - INFO: Epoch(train)  [13][50/106]  lr: 0.000856  train_loss: 0.247987  train_acc.: 0.875000
2024-05-14 13:24:14,739 - INFO: Epoch(train)  [13][100/106]  lr: 0.000845  train_loss: 0.207361  train_acc.: 0.890625
2024-05-14 13:24:16,963 - INFO: acc: 0.7802197802197802
2024-05-14 13:24:18,137 - INFO: 
catagory          AP    F1_Score
----------  --------  ----------
tumourous   0.892515    0.803922
no_tumo     0.754717    0.75
average     0.823616    0.776961
2024-05-14 13:24:20,433 - INFO: ====================================================================================================
2024-05-14 13:24:20,433 - INFO: Epoch  [13]  mean_val_acc.: 0.78022  mAP: 1.64723  mF1Score: 1.55392  best_val_epoch: 3
2024-05-14 13:24:20,433 - INFO: ====================================================================================================
2024-05-14 13:24:20,984 - INFO: Epoch(train)  [14][0/106]  lr: 0.000844  train_loss: 0.246347  train_acc.: 0.906250
2024-05-14 13:24:31,519 - INFO: Epoch(train)  [14][50/106]  lr: 0.000833  train_loss: 0.167607  train_acc.: 0.921875
2024-05-14 13:24:42,332 - INFO: Epoch(train)  [14][100/106]  lr: 0.000822  train_loss: 0.284078  train_acc.: 0.875000
2024-05-14 13:24:44,658 - INFO: acc: 0.6593406593406593
2024-05-14 13:24:45,715 - INFO: 
catagory          AP    F1_Score
----------  --------  ----------
tumourous   0.80854     0.715596
no_tumo     0.687538    0.575342
average     0.748039    0.645469
2024-05-14 13:24:47,974 - INFO: ====================================================================================================
2024-05-14 13:24:47,974 - INFO: Epoch  [14]  mean_val_acc.: 0.65934  mAP: 1.49608  mF1Score: 1.29094  best_val_epoch: 3
2024-05-14 13:24:47,974 - INFO: ====================================================================================================
2024-05-14 13:24:48,546 - INFO: Epoch(train)  [15][0/106]  lr: 0.000821  train_loss: 0.189080  train_acc.: 0.890625
2024-05-14 13:24:59,323 - INFO: Epoch(train)  [15][50/106]  lr: 0.000809  train_loss: 0.186133  train_acc.: 0.937500
2024-05-14 13:25:09,994 - INFO: Epoch(train)  [15][100/106]  lr: 0.000798  train_loss: 0.116636  train_acc.: 0.953125
2024-05-14 13:25:12,304 - INFO: acc: 0.6813186813186813
2024-05-14 13:25:13,415 - INFO: 
catagory          AP    F1_Score
----------  --------  ----------
tumourous   0.85773     0.743363
no_tumo     0.743226    0.57971
average     0.800478    0.661536
2024-05-14 13:25:15,739 - INFO: ====================================================================================================
2024-05-14 13:25:15,739 - INFO: Epoch  [15]  mean_val_acc.: 0.68132  mAP: 1.60096  mF1Score: 1.32307  best_val_epoch: 3
2024-05-14 13:25:15,739 - INFO: ====================================================================================================
2024-05-14 13:25:16,300 - INFO: Epoch(train)  [16][0/106]  lr: 0.000796  train_loss: 0.161610  train_acc.: 0.875000
2024-05-14 13:25:27,235 - INFO: Epoch(train)  [16][50/106]  lr: 0.000784  train_loss: 0.133000  train_acc.: 0.937500
2024-05-14 13:25:38,029 - INFO: Epoch(train)  [16][100/106]  lr: 0.000772  train_loss: 0.157698  train_acc.: 0.937500
2024-05-14 13:25:40,296 - INFO: acc: 0.7472527472527473
2024-05-14 13:25:41,551 - INFO: 
catagory          AP    F1_Score
----------  --------  ----------
tumourous   0.869562    0.780952
no_tumo     0.788482    0.701299
average     0.829022    0.741126
2024-05-14 13:25:43,853 - INFO: ====================================================================================================
2024-05-14 13:25:43,854 - INFO: Epoch  [16]  mean_val_acc.: 0.74725  mAP: 1.65804  mF1Score: 1.48225  best_val_epoch: 3
2024-05-14 13:25:43,854 - INFO: ====================================================================================================
2024-05-14 13:25:44,468 - INFO: Epoch(train)  [17][0/106]  lr: 0.000770  train_loss: 0.210104  train_acc.: 0.875000
2024-05-14 13:25:55,249 - INFO: Epoch(train)  [17][50/106]  lr: 0.000758  train_loss: 0.131526  train_acc.: 0.953125
2024-05-14 13:26:06,071 - INFO: Epoch(train)  [17][100/106]  lr: 0.000745  train_loss: 0.262721  train_acc.: 0.921875
2024-05-14 13:26:08,553 - INFO: acc: 0.6703296703296703
2024-05-14 13:26:09,618 - INFO: 
catagory          AP    F1_Score
----------  --------  ----------
tumourous   0.845299    0.732143
no_tumo     0.744066    0.571429
average     0.794683    0.651786
2024-05-14 13:26:11,930 - INFO: ====================================================================================================
2024-05-14 13:26:11,930 - INFO: Epoch  [17]  mean_val_acc.: 0.67033  mAP: 1.58937  mF1Score: 1.30357  best_val_epoch: 3
2024-05-14 13:26:11,931 - INFO: ====================================================================================================
2024-05-14 13:26:12,520 - INFO: Epoch(train)  [18][0/106]  lr: 0.000744  train_loss: 0.043057  train_acc.: 1.000000
2024-05-14 13:26:23,000 - INFO: Epoch(train)  [18][50/106]  lr: 0.000731  train_loss: 0.132878  train_acc.: 0.937500
2024-05-14 13:26:33,681 - INFO: Epoch(train)  [18][100/106]  lr: 0.000718  train_loss: 0.198557  train_acc.: 0.937500
2024-05-14 13:26:36,095 - INFO: acc: 0.7912087912087912
2024-05-14 13:26:37,195 - INFO: 
catagory          AP    F1_Score
----------  --------  ----------
tumourous   0.890326    0.811881
no_tumo     0.80127     0.765432
average     0.845798    0.788657
2024-05-14 13:26:39,479 - INFO: ====================================================================================================
2024-05-14 13:26:39,479 - INFO: Epoch  [18]  mean_val_acc.: 0.79121  mAP: 1.69160  mF1Score: 1.57731  best_val_epoch: 3
2024-05-14 13:26:39,479 - INFO: ====================================================================================================
2024-05-14 13:26:40,151 - INFO: Epoch(train)  [19][0/106]  lr: 0.000716  train_loss: 0.106626  train_acc.: 0.953125
2024-05-14 13:26:50,958 - INFO: Epoch(train)  [19][50/106]  lr: 0.000703  train_loss: 0.139913  train_acc.: 0.937500
2024-05-14 13:27:01,973 - INFO: Epoch(train)  [19][100/106]  lr: 0.000689  train_loss: 0.106452  train_acc.: 0.937500
2024-05-14 13:27:04,306 - INFO: acc: 0.7252747252747253
2024-05-14 13:27:05,364 - INFO: 
catagory          AP    F1_Score
----------  --------  ----------
tumourous   0.901452    0.770642
no_tumo     0.791603    0.657534
average     0.846528    0.714088
2024-05-14 13:27:07,865 - INFO: ====================================================================================================
2024-05-14 13:27:07,865 - INFO: Epoch  [19]  mean_val_acc.: 0.72527  mAP: 1.69306  mF1Score: 1.42818  best_val_epoch: 3
2024-05-14 13:27:07,865 - INFO: ====================================================================================================
2024-05-14 13:27:08,459 - INFO: Epoch(train)  [20][0/106]  lr: 0.000687  train_loss: 0.083153  train_acc.: 0.968750
2024-05-14 13:27:19,213 - INFO: Epoch(train)  [20][50/106]  lr: 0.000674  train_loss: 0.152870  train_acc.: 0.937500
2024-05-14 13:27:29,888 - INFO: Epoch(train)  [20][100/106]  lr: 0.000660  train_loss: 0.171493  train_acc.: 0.953125
2024-05-14 13:27:32,127 - INFO: acc: 0.7142857142857143
2024-05-14 13:27:33,170 - INFO: 
catagory          AP    F1_Score
----------  --------  ----------
tumourous   0.858148    0.763636
no_tumo     0.754363    0.638889
average     0.806255    0.701263
2024-05-14 13:27:35,424 - INFO: ====================================================================================================
2024-05-14 13:27:35,425 - INFO: Epoch  [20]  mean_val_acc.: 0.71429  mAP: 1.61251  mF1Score: 1.40253  best_val_epoch: 3
2024-05-14 13:27:35,425 - INFO: ====================================================================================================
2024-05-14 13:27:36,014 - INFO: Epoch(train)  [21][0/106]  lr: 0.000658  train_loss: 0.045360  train_acc.: 0.984375
2024-05-14 13:27:46,964 - INFO: Epoch(train)  [21][50/106]  lr: 0.000644  train_loss: 0.196107  train_acc.: 0.937500
2024-05-14 13:27:57,856 - INFO: Epoch(train)  [21][100/106]  lr: 0.000630  train_loss: 0.084796  train_acc.: 0.953125
2024-05-14 13:28:00,073 - INFO: acc: 0.6263736263736264
2024-05-14 13:28:01,139 - INFO: 
catagory          AP    F1_Score
----------  --------  ----------
tumourous   0.797621    0.701754
no_tumo     0.657013    0.5
average     0.727317    0.600877
2024-05-14 13:28:03,402 - INFO: ====================================================================================================
2024-05-14 13:28:03,402 - INFO: Epoch  [21]  mean_val_acc.: 0.62637  mAP: 1.45463  mF1Score: 1.20175  best_val_epoch: 3
2024-05-14 13:28:03,402 - INFO: ====================================================================================================
2024-05-14 13:28:03,971 - INFO: Epoch(train)  [22][0/106]  lr: 0.000628  train_loss: 0.135394  train_acc.: 0.968750
2024-05-14 13:28:14,938 - INFO: Epoch(train)  [22][50/106]  lr: 0.000614  train_loss: 0.052304  train_acc.: 0.984375
2024-05-14 13:28:25,793 - INFO: Epoch(train)  [22][100/106]  lr: 0.000600  train_loss: 0.040720  train_acc.: 0.984375
2024-05-14 13:28:28,097 - INFO: acc: 0.6153846153846154
2024-05-14 13:28:29,291 - INFO: 
catagory          AP    F1_Score
----------  --------  ----------
tumourous   0.760687    0.700855
no_tumo     0.570602    0.461538
average     0.665644    0.581197
2024-05-14 13:28:31,643 - INFO: ====================================================================================================
2024-05-14 13:28:31,643 - INFO: Epoch  [22]  mean_val_acc.: 0.61538  mAP: 1.33129  mF1Score: 1.16239  best_val_epoch: 3
2024-05-14 13:28:31,643 - INFO: ====================================================================================================
2024-05-14 13:28:32,271 - INFO: Epoch(train)  [23][0/106]  lr: 0.000598  train_loss: 0.085411  train_acc.: 0.953125
2024-05-14 13:28:42,518 - INFO: Epoch(train)  [23][50/106]  lr: 0.000584  train_loss: 0.108340  train_acc.: 0.937500
2024-05-14 13:28:52,858 - INFO: Epoch(train)  [23][100/106]  lr: 0.000569  train_loss: 0.018589  train_acc.: 1.000000
2024-05-14 13:28:55,162 - INFO: acc: 0.7032967032967034
2024-05-14 13:28:56,198 - INFO: 
catagory          AP    F1_Score
----------  --------  ----------
tumourous   0.843522    0.737864
no_tumo     0.800991    0.658228
average     0.822257    0.698046
2024-05-14 13:28:58,634 - INFO: ====================================================================================================
2024-05-14 13:28:58,634 - INFO: Epoch  [23]  mean_val_acc.: 0.70330  mAP: 1.64451  mF1Score: 1.39609  best_val_epoch: 3
2024-05-14 13:28:58,634 - INFO: ====================================================================================================
2024-05-14 13:28:59,219 - INFO: Epoch(train)  [24][0/106]  lr: 0.000567  train_loss: 0.018052  train_acc.: 1.000000
2024-05-14 13:29:10,503 - INFO: Epoch(train)  [24][50/106]  lr: 0.000553  train_loss: 0.105904  train_acc.: 0.984375
2024-05-14 13:29:21,405 - INFO: Epoch(train)  [24][100/106]  lr: 0.000538  train_loss: 0.055863  train_acc.: 0.984375
2024-05-14 13:29:23,693 - INFO: acc: 0.6043956043956044
2024-05-14 13:29:24,804 - INFO: 
catagory          AP    F1_Score
----------  --------  ----------
tumourous   0.766736    0.684211
no_tumo     0.60388     0.470588
average     0.685308    0.577399
2024-05-14 13:29:27,051 - INFO: ====================================================================================================
2024-05-14 13:29:27,051 - INFO: Epoch  [24]  mean_val_acc.: 0.60440  mAP: 1.37062  mF1Score: 1.15480  best_val_epoch: 3
2024-05-14 13:29:27,051 - INFO: ====================================================================================================
2024-05-14 13:29:27,654 - INFO: Epoch(train)  [25][0/106]  lr: 0.000536  train_loss: 0.029242  train_acc.: 1.000000
2024-05-14 13:29:38,371 - INFO: Epoch(train)  [25][50/106]  lr: 0.000522  train_loss: 0.040460  train_acc.: 0.984375
2024-05-14 13:29:49,069 - INFO: Epoch(train)  [25][100/106]  lr: 0.000507  train_loss: 0.029228  train_acc.: 1.000000
2024-05-14 13:29:51,398 - INFO: acc: 0.7362637362637363
2024-05-14 13:29:52,479 - INFO: 
catagory          AP    F1_Score
----------  --------  ----------
tumourous   0.860534    0.764706
no_tumo     0.820858    0.7
average     0.840696    0.732353
2024-05-14 13:29:54,716 - INFO: ====================================================================================================
2024-05-14 13:29:54,716 - INFO: Epoch  [25]  mean_val_acc.: 0.73626  mAP: 1.68139  mF1Score: 1.46471  best_val_epoch: 3
2024-05-14 13:29:54,717 - INFO: ====================================================================================================
2024-05-14 13:29:55,345 - INFO: Epoch(train)  [26][0/106]  lr: 0.000505  train_loss: 0.051066  train_acc.: 0.984375
2024-05-14 13:30:06,248 - INFO: Epoch(train)  [26][50/106]  lr: 0.000491  train_loss: 0.054316  train_acc.: 0.984375
2024-05-14 13:30:17,124 - INFO: Epoch(train)  [26][100/106]  lr: 0.000476  train_loss: 0.029372  train_acc.: 1.000000
2024-05-14 13:30:19,573 - INFO: acc: 0.7032967032967034
2024-05-14 13:30:20,627 - INFO: 
catagory          AP    F1_Score
----------  --------  ----------
tumourous   0.828133    0.756757
no_tumo     0.779307    0.619718
average     0.80372     0.688238
2024-05-14 13:30:22,874 - INFO: ====================================================================================================
2024-05-14 13:30:22,874 - INFO: Epoch  [26]  mean_val_acc.: 0.70330  mAP: 1.60744  mF1Score: 1.37648  best_val_epoch: 3
2024-05-14 13:30:22,874 - INFO: ====================================================================================================
2024-05-14 13:30:23,500 - INFO: Epoch(train)  [27][0/106]  lr: 0.000474  train_loss: 0.033086  train_acc.: 1.000000
2024-05-14 13:30:34,287 - INFO: Epoch(train)  [27][50/106]  lr: 0.000460  train_loss: 0.119479  train_acc.: 0.984375
2024-05-14 13:30:45,288 - INFO: Epoch(train)  [27][100/106]  lr: 0.000445  train_loss: 0.051330  train_acc.: 0.968750
2024-05-14 13:30:47,525 - INFO: acc: 0.6703296703296703
2024-05-14 13:30:48,598 - INFO: 
catagory          AP    F1_Score
----------  --------  ----------
tumourous   0.823313    0.727273
no_tumo     0.767563    0.583333
average     0.795438    0.655303
2024-05-14 13:30:50,830 - INFO: ====================================================================================================
2024-05-14 13:30:50,830 - INFO: Epoch  [27]  mean_val_acc.: 0.67033  mAP: 1.59088  mF1Score: 1.31061  best_val_epoch: 3
2024-05-14 13:30:50,830 - INFO: ====================================================================================================
2024-05-14 13:30:51,421 - INFO: Epoch(train)  [28][0/106]  lr: 0.000443  train_loss: 0.039943  train_acc.: 0.984375
2024-05-14 13:31:02,206 - INFO: Epoch(train)  [28][50/106]  lr: 0.000429  train_loss: 0.029528  train_acc.: 1.000000
2024-05-14 13:31:13,005 - INFO: Epoch(train)  [28][100/106]  lr: 0.000414  train_loss: 0.086041  train_acc.: 0.984375
2024-05-14 13:31:16,084 - INFO: acc: 0.6483516483516484
2024-05-14 13:31:17,154 - INFO: 
catagory          AP    F1_Score
----------  --------  ----------
tumourous   0.794814    0.709091
no_tumo     0.673765    0.555556
average     0.73429     0.632323
2024-05-14 13:31:19,384 - INFO: ====================================================================================================
2024-05-14 13:31:19,384 - INFO: Epoch  [28]  mean_val_acc.: 0.64835  mAP: 1.46858  mF1Score: 1.26465  best_val_epoch: 3
2024-05-14 13:31:19,384 - INFO: ====================================================================================================
2024-05-14 13:31:19,977 - INFO: Epoch(train)  [29][0/106]  lr: 0.000413  train_loss: 0.028778  train_acc.: 0.984375
2024-05-14 13:31:30,669 - INFO: Epoch(train)  [29][50/106]  lr: 0.000398  train_loss: 0.118560  train_acc.: 0.968750
2024-05-14 13:31:41,503 - INFO: Epoch(train)  [29][100/106]  lr: 0.000384  train_loss: 0.051492  train_acc.: 0.968750
2024-05-14 13:31:43,826 - INFO: acc: 0.6483516483516484
2024-05-14 13:31:44,947 - INFO: 
catagory          AP    F1_Score
----------  --------  ----------
tumourous   0.804262    0.709091
no_tumo     0.728931    0.555556
average     0.766596    0.632323
2024-05-14 13:31:47,196 - INFO: ====================================================================================================
2024-05-14 13:31:47,197 - INFO: Epoch  [29]  mean_val_acc.: 0.64835  mAP: 1.53319  mF1Score: 1.26465  best_val_epoch: 3
2024-05-14 13:31:47,197 - INFO: ====================================================================================================
2024-05-14 13:31:47,781 - INFO: Epoch(train)  [30][0/106]  lr: 0.000382  train_loss: 0.024904  train_acc.: 1.000000
2024-05-14 13:31:58,631 - INFO: Epoch(train)  [30][50/106]  lr: 0.000368  train_loss: 0.192412  train_acc.: 0.953125
2024-05-14 13:32:09,239 - INFO: Epoch(train)  [30][100/106]  lr: 0.000354  train_loss: 0.070007  train_acc.: 0.968750
2024-05-14 13:32:11,642 - INFO: acc: 0.7252747252747253
2024-05-14 13:32:12,698 - INFO: 
catagory          AP    F1_Score
----------  --------  ----------
tumourous   0.832295    0.770642
no_tumo     0.746814    0.657534
average     0.789555    0.714088
2024-05-14 13:32:14,962 - INFO: ====================================================================================================
2024-05-14 13:32:14,963 - INFO: Epoch  [30]  mean_val_acc.: 0.72527  mAP: 1.57911  mF1Score: 1.42818  best_val_epoch: 3
2024-05-14 13:32:14,963 - INFO: ====================================================================================================
2024-05-14 13:32:15,587 - INFO: Epoch(train)  [31][0/106]  lr: 0.000352  train_loss: 0.109152  train_acc.: 0.984375
2024-05-14 13:32:26,388 - INFO: Epoch(train)  [31][50/106]  lr: 0.000338  train_loss: 0.005504  train_acc.: 1.000000
2024-05-14 13:32:37,020 - INFO: Epoch(train)  [31][100/106]  lr: 0.000325  train_loss: 0.032023  train_acc.: 0.984375
2024-05-14 13:32:39,454 - INFO: acc: 0.7252747252747253
2024-05-14 13:32:40,537 - INFO: 
catagory          AP    F1_Score
----------  --------  ----------
tumourous   0.822837    0.770642
no_tumo     0.750071    0.657534
average     0.786454    0.714088
2024-05-14 13:32:42,967 - INFO: ====================================================================================================
2024-05-14 13:32:42,967 - INFO: Epoch  [31]  mean_val_acc.: 0.72527  mAP: 1.57291  mF1Score: 1.42818  best_val_epoch: 3
2024-05-14 13:32:42,967 - INFO: ====================================================================================================
2024-05-14 13:32:43,629 - INFO: Epoch(train)  [32][0/106]  lr: 0.000323  train_loss: 0.004843  train_acc.: 1.000000
2024-05-14 13:32:54,431 - INFO: Epoch(train)  [32][50/106]  lr: 0.000309  train_loss: 0.016003  train_acc.: 1.000000
2024-05-14 13:33:05,121 - INFO: Epoch(train)  [32][100/106]  lr: 0.000296  train_loss: 0.028771  train_acc.: 0.984375
2024-05-14 13:33:07,527 - INFO: acc: 0.7032967032967034
2024-05-14 13:33:08,603 - INFO: 
catagory          AP    F1_Score
----------  --------  ----------
tumourous   0.82651     0.747664
no_tumo     0.726028    0.64
average     0.776269    0.693832
2024-05-14 13:33:10,849 - INFO: ====================================================================================================
2024-05-14 13:33:10,850 - INFO: Epoch  [32]  mean_val_acc.: 0.70330  mAP: 1.55254  mF1Score: 1.38766  best_val_epoch: 3
2024-05-14 13:33:10,850 - INFO: ====================================================================================================
2024-05-14 13:33:11,499 - INFO: Epoch(train)  [33][0/106]  lr: 0.000295  train_loss: 0.029246  train_acc.: 1.000000
2024-05-14 13:33:22,048 - INFO: Epoch(train)  [33][50/106]  lr: 0.000281  train_loss: 0.062539  train_acc.: 0.984375
2024-05-14 13:33:32,840 - INFO: Epoch(train)  [33][100/106]  lr: 0.000268  train_loss: 0.008099  train_acc.: 1.000000
2024-05-14 13:33:35,276 - INFO: acc: 0.7142857142857143
2024-05-14 13:33:36,390 - INFO: 
catagory          AP    F1_Score
----------  --------  ----------
tumourous   0.8283      0.763636
no_tumo     0.748251    0.638889
average     0.788275    0.701263
2024-05-14 13:33:38,634 - INFO: ====================================================================================================
2024-05-14 13:33:38,634 - INFO: Epoch  [33]  mean_val_acc.: 0.71429  mAP: 1.57655  mF1Score: 1.40253  best_val_epoch: 3
2024-05-14 13:33:38,634 - INFO: ====================================================================================================
2024-05-14 13:33:39,214 - INFO: Epoch(train)  [34][0/106]  lr: 0.000267  train_loss: 0.015649  train_acc.: 1.000000
2024-05-14 13:33:50,001 - INFO: Epoch(train)  [34][50/106]  lr: 0.000254  train_loss: 0.070056  train_acc.: 0.953125
2024-05-14 13:34:00,771 - INFO: Epoch(train)  [34][100/106]  lr: 0.000242  train_loss: 0.023590  train_acc.: 0.984375
2024-05-14 13:34:03,225 - INFO: acc: 0.6703296703296703
2024-05-14 13:34:04,320 - INFO: 
catagory          AP    F1_Score
----------  --------  ----------
tumourous   0.784232    0.736842
no_tumo     0.698698    0.558824
average     0.741465    0.647833
2024-05-14 13:34:06,603 - INFO: ====================================================================================================
2024-05-14 13:34:06,603 - INFO: Epoch  [34]  mean_val_acc.: 0.67033  mAP: 1.48293  mF1Score: 1.29567  best_val_epoch: 3
2024-05-14 13:34:06,603 - INFO: ====================================================================================================
2024-05-14 13:34:07,216 - INFO: Epoch(train)  [35][0/106]  lr: 0.000240  train_loss: 0.006874  train_acc.: 1.000000
2024-05-14 13:34:18,220 - INFO: Epoch(train)  [35][50/106]  lr: 0.000228  train_loss: 0.015628  train_acc.: 1.000000
2024-05-14 13:34:29,024 - INFO: Epoch(train)  [35][100/106]  lr: 0.000216  train_loss: 0.064288  train_acc.: 0.984375
2024-05-14 13:34:31,515 - INFO: acc: 0.6923076923076923
2024-05-14 13:34:32,576 - INFO: 
catagory          AP    F1_Score
----------  --------  ----------
tumourous   0.808659       0.75
no_tumo     0.72091        0.6
average     0.764784       0.675
2024-05-14 13:34:35,050 - INFO: ====================================================================================================
2024-05-14 13:34:35,050 - INFO: Epoch  [35]  mean_val_acc.: 0.69231  mAP: 1.52957  mF1Score: 1.35000  best_val_epoch: 3
2024-05-14 13:34:35,050 - INFO: ====================================================================================================
2024-05-14 13:34:35,645 - INFO: Epoch(train)  [36][0/106]  lr: 0.000214  train_loss: 0.001281  train_acc.: 1.000000
2024-05-14 13:34:46,279 - INFO: Epoch(train)  [36][50/106]  lr: 0.000203  train_loss: 0.009153  train_acc.: 1.000000
2024-05-14 13:34:56,932 - INFO: Epoch(train)  [36][100/106]  lr: 0.000191  train_loss: 0.002508  train_acc.: 1.000000
2024-05-14 13:34:59,291 - INFO: acc: 0.7142857142857143
2024-05-14 13:35:00,349 - INFO: 
catagory          AP    F1_Score
----------  --------  ----------
tumourous   0.84803     0.759259
no_tumo     0.789851    0.648649
average     0.818941    0.703954
2024-05-14 13:35:02,609 - INFO: ====================================================================================================
2024-05-14 13:35:02,609 - INFO: Epoch  [36]  mean_val_acc.: 0.71429  mAP: 1.63788  mF1Score: 1.40791  best_val_epoch: 3
2024-05-14 13:35:02,610 - INFO: ====================================================================================================
2024-05-14 13:35:03,232 - INFO: Epoch(train)  [37][0/106]  lr: 0.000190  train_loss: 0.076434  train_acc.: 0.984375
2024-05-14 13:35:14,348 - INFO: Epoch(train)  [37][50/106]  lr: 0.000179  train_loss: 0.003188  train_acc.: 1.000000
2024-05-14 13:35:25,168 - INFO: Epoch(train)  [37][100/106]  lr: 0.000168  train_loss: 0.002853  train_acc.: 1.000000
2024-05-14 13:35:27,631 - INFO: acc: 0.6813186813186813
2024-05-14 13:35:28,697 - INFO: 
catagory          AP    F1_Score
----------  --------  ----------
tumourous   0.851062    0.728972
no_tumo     0.782551    0.613333
average     0.816806    0.671153
2024-05-14 13:35:31,072 - INFO: ====================================================================================================
2024-05-14 13:35:31,072 - INFO: Epoch  [37]  mean_val_acc.: 0.68132  mAP: 1.63361  mF1Score: 1.34231  best_val_epoch: 3
2024-05-14 13:35:31,073 - INFO: ====================================================================================================
2024-05-14 13:35:31,702 - INFO: Epoch(train)  [38][0/106]  lr: 0.000166  train_loss: 0.003465  train_acc.: 1.000000
2024-05-14 13:35:42,563 - INFO: Epoch(train)  [38][50/106]  lr: 0.000156  train_loss: 0.056403  train_acc.: 0.984375
2024-05-14 13:35:53,225 - INFO: Epoch(train)  [38][100/106]  lr: 0.000146  train_loss: 0.001169  train_acc.: 1.000000
2024-05-14 13:35:55,642 - INFO: acc: 0.6923076923076923
2024-05-14 13:35:56,704 - INFO: 
catagory          AP    F1_Score
----------  --------  ----------
tumourous   0.821448    0.745455
no_tumo     0.739076    0.611111
average     0.780262    0.678283
2024-05-14 13:35:58,979 - INFO: ====================================================================================================
2024-05-14 13:35:58,979 - INFO: Epoch  [38]  mean_val_acc.: 0.69231  mAP: 1.56052  mF1Score: 1.35657  best_val_epoch: 3
2024-05-14 13:35:58,979 - INFO: ====================================================================================================
2024-05-14 13:35:59,586 - INFO: Epoch(train)  [39][0/106]  lr: 0.000144  train_loss: 0.001002  train_acc.: 1.000000
2024-05-14 13:36:10,310 - INFO: Epoch(train)  [39][50/106]  lr: 0.000134  train_loss: 0.020114  train_acc.: 0.984375
2024-05-14 13:36:20,869 - INFO: Epoch(train)  [39][100/106]  lr: 0.000125  train_loss: 0.032284  train_acc.: 0.984375
2024-05-14 13:36:23,277 - INFO: acc: 0.7032967032967034
2024-05-14 13:36:24,363 - INFO: 
catagory          AP    F1_Score
----------  --------  ----------
tumourous   0.836898    0.747664
no_tumo     0.754025    0.64
average     0.795462    0.693832
2024-05-14 13:36:26,782 - INFO: ====================================================================================================
2024-05-14 13:36:26,782 - INFO: Epoch  [39]  mean_val_acc.: 0.70330  mAP: 1.59092  mF1Score: 1.38766  best_val_epoch: 3
2024-05-14 13:36:26,782 - INFO: ====================================================================================================
2024-05-14 13:36:27,446 - INFO: Epoch(train)  [40][0/106]  lr: 0.000124  train_loss: 0.002469  train_acc.: 1.000000
2024-05-14 13:36:38,239 - INFO: Epoch(train)  [40][50/106]  lr: 0.000115  train_loss: 0.003285  train_acc.: 1.000000
2024-05-14 13:36:49,107 - INFO: Epoch(train)  [40][100/106]  lr: 0.000106  train_loss: 0.007805  train_acc.: 1.000000
2024-05-14 13:36:51,639 - INFO: acc: 0.6373626373626373
2024-05-14 13:36:52,722 - INFO: 
catagory          AP    F1_Score
----------  --------  ----------
tumourous   0.803989    0.717949
no_tumo     0.701307    0.492308
average     0.752648    0.605128
2024-05-14 13:36:54,954 - INFO: ====================================================================================================
2024-05-14 13:36:54,955 - INFO: Epoch  [40]  mean_val_acc.: 0.63736  mAP: 1.50530  mF1Score: 1.21026  best_val_epoch: 3
2024-05-14 13:36:54,955 - INFO: ====================================================================================================
2024-05-14 13:36:55,646 - INFO: Epoch(train)  [41][0/106]  lr: 0.000105  train_loss: 0.000309  train_acc.: 1.000000
2024-05-14 13:37:06,211 - INFO: Epoch(train)  [41][50/106]  lr: 0.000096  train_loss: 0.007076  train_acc.: 1.000000
2024-05-14 13:37:16,977 - INFO: Epoch(train)  [41][100/106]  lr: 0.000088  train_loss: 0.003199  train_acc.: 1.000000
2024-05-14 13:37:19,442 - INFO: acc: 0.6813186813186813
2024-05-14 13:37:20,506 - INFO: 
catagory          AP    F1_Score
----------  --------  ----------
tumourous   0.807277    0.738739
no_tumo     0.731668    0.591549
average     0.769472    0.665144
2024-05-14 13:37:22,735 - INFO: ====================================================================================================
2024-05-14 13:37:22,735 - INFO: Epoch  [41]  mean_val_acc.: 0.68132  mAP: 1.53894  mF1Score: 1.33029  best_val_epoch: 3
2024-05-14 13:37:22,735 - INFO: ====================================================================================================
2024-05-14 13:37:23,387 - INFO: Epoch(train)  [42][0/106]  lr: 0.000087  train_loss: 0.001651  train_acc.: 1.000000
2024-05-14 13:37:34,187 - INFO: Epoch(train)  [42][50/106]  lr: 0.000080  train_loss: 0.000837  train_acc.: 1.000000
2024-05-14 13:37:44,923 - INFO: Epoch(train)  [42][100/106]  lr: 0.000072  train_loss: 0.004288  train_acc.: 1.000000
2024-05-14 13:37:47,416 - INFO: acc: 0.7032967032967034
2024-05-14 13:37:48,504 - INFO: 
catagory          AP    F1_Score
----------  --------  ----------
tumourous   0.817883    0.756757
no_tumo     0.723321    0.619718
average     0.770602    0.688238
2024-05-14 13:37:50,707 - INFO: ====================================================================================================
2024-05-14 13:37:50,708 - INFO: Epoch  [42]  mean_val_acc.: 0.70330  mAP: 1.54120  mF1Score: 1.37648  best_val_epoch: 3
2024-05-14 13:37:50,708 - INFO: ====================================================================================================
2024-05-14 13:37:51,389 - INFO: Epoch(train)  [43][0/106]  lr: 0.000071  train_loss: 0.002439  train_acc.: 1.000000
2024-05-14 13:38:02,124 - INFO: Epoch(train)  [43][50/106]  lr: 0.000064  train_loss: 0.013828  train_acc.: 0.984375
2024-05-14 13:38:12,850 - INFO: Epoch(train)  [43][100/106]  lr: 0.000058  train_loss: 0.005386  train_acc.: 1.000000
2024-05-14 13:38:15,321 - INFO: acc: 0.6593406593406593
2024-05-14 13:38:16,414 - INFO: 
catagory          AP    F1_Score
----------  --------  ----------
tumourous   0.816808    0.725664
no_tumo     0.725224    0.550725
average     0.771016    0.638194
2024-05-14 13:38:18,901 - INFO: ====================================================================================================
2024-05-14 13:38:18,901 - INFO: Epoch  [43]  mean_val_acc.: 0.65934  mAP: 1.54203  mF1Score: 1.27639  best_val_epoch: 3
2024-05-14 13:38:18,901 - INFO: ====================================================================================================
2024-05-14 13:38:19,577 - INFO: Epoch(train)  [44][0/106]  lr: 0.000057  train_loss: 0.001321  train_acc.: 1.000000
2024-05-14 13:38:30,050 - INFO: Epoch(train)  [44][50/106]  lr: 0.000051  train_loss: 0.003036  train_acc.: 1.000000
2024-05-14 13:38:40,535 - INFO: Epoch(train)  [44][100/106]  lr: 0.000046  train_loss: 0.003016  train_acc.: 1.000000
2024-05-14 13:38:43,092 - INFO: acc: 0.6813186813186813
2024-05-14 13:38:44,159 - INFO: 
catagory          AP    F1_Score
----------  --------  ----------
tumourous   0.816102    0.743363
no_tumo     0.755074    0.57971
average     0.785588    0.661536
2024-05-14 13:38:46,360 - INFO: ====================================================================================================
2024-05-14 13:38:46,361 - INFO: Epoch  [44]  mean_val_acc.: 0.68132  mAP: 1.57118  mF1Score: 1.32307  best_val_epoch: 3
2024-05-14 13:38:46,361 - INFO: ====================================================================================================
2024-05-14 13:38:47,012 - INFO: Epoch(train)  [45][0/106]  lr: 0.000045  train_loss: 0.002219  train_acc.: 1.000000
2024-05-14 13:38:57,677 - INFO: Epoch(train)  [45][50/106]  lr: 0.000040  train_loss: 0.002900  train_acc.: 1.000000
2024-05-14 13:39:08,582 - INFO: Epoch(train)  [45][100/106]  lr: 0.000035  train_loss: 0.001949  train_acc.: 1.000000
2024-05-14 13:39:11,170 - INFO: acc: 0.6813186813186813
2024-05-14 13:39:12,305 - INFO: 
catagory          AP    F1_Score
----------  --------  ----------
tumourous   0.818276    0.747826
no_tumo     0.746121    0.567164
average     0.782198    0.657495
2024-05-14 13:39:14,522 - INFO: ====================================================================================================
2024-05-14 13:39:14,522 - INFO: Epoch  [45]  mean_val_acc.: 0.68132  mAP: 1.56440  mF1Score: 1.31499  best_val_epoch: 3
2024-05-14 13:39:14,522 - INFO: ====================================================================================================
2024-05-14 13:39:15,215 - INFO: Epoch(train)  [46][0/106]  lr: 0.000034  train_loss: 0.019769  train_acc.: 0.984375
2024-05-14 13:39:25,912 - INFO: Epoch(train)  [46][50/106]  lr: 0.000030  train_loss: 0.004044  train_acc.: 1.000000
2024-05-14 13:39:36,536 - INFO: Epoch(train)  [46][100/106]  lr: 0.000026  train_loss: 0.005856  train_acc.: 1.000000
2024-05-14 13:39:39,024 - INFO: acc: 0.6703296703296703
2024-05-14 13:39:40,197 - INFO: 
catagory          AP    F1_Score
----------  --------  ----------
tumourous   0.813664    0.727273
no_tumo     0.745366    0.583333
average     0.779515    0.655303
2024-05-14 13:39:42,472 - INFO: ====================================================================================================
2024-05-14 13:39:42,473 - INFO: Epoch  [46]  mean_val_acc.: 0.67033  mAP: 1.55903  mF1Score: 1.31061  best_val_epoch: 3
2024-05-14 13:39:42,473 - INFO: ====================================================================================================
2024-05-14 13:39:43,147 - INFO: Epoch(train)  [47][0/106]  lr: 0.000026  train_loss: 0.003654  train_acc.: 1.000000
2024-05-14 13:39:54,099 - INFO: Epoch(train)  [47][50/106]  lr: 0.000022  train_loss: 0.004348  train_acc.: 1.000000
2024-05-14 13:40:05,007 - INFO: Epoch(train)  [47][100/106]  lr: 0.000019  train_loss: 0.007239  train_acc.: 1.000000
2024-05-14 13:40:07,567 - INFO: acc: 0.6483516483516484
2024-05-14 13:40:08,650 - INFO: 
catagory          AP    F1_Score
----------  --------  ----------
tumourous   0.809694    0.714286
no_tumo     0.733574    0.542857
average     0.771634    0.628571
2024-05-14 13:40:11,073 - INFO: ====================================================================================================
2024-05-14 13:40:11,074 - INFO: Epoch  [47]  mean_val_acc.: 0.64835  mAP: 1.54327  mF1Score: 1.25714  best_val_epoch: 3
2024-05-14 13:40:11,074 - INFO: ====================================================================================================
2024-05-14 13:40:11,698 - INFO: Epoch(train)  [48][0/106]  lr: 0.000019  train_loss: 0.001023  train_acc.: 1.000000
2024-05-14 13:40:22,435 - INFO: Epoch(train)  [48][50/106]  lr: 0.000016  train_loss: 0.000768  train_acc.: 1.000000
2024-05-14 13:40:33,237 - INFO: Epoch(train)  [48][100/106]  lr: 0.000014  train_loss: 0.001835  train_acc.: 1.000000
2024-05-14 13:40:35,635 - INFO: acc: 0.6593406593406593
2024-05-14 13:40:36,688 - INFO: 
catagory          AP    F1_Score
----------  --------  ----------
tumourous   0.799492    0.725664
no_tumo     0.720026    0.550725
average     0.759759    0.638194
2024-05-14 13:40:39,168 - INFO: ====================================================================================================
2024-05-14 13:40:39,168 - INFO: Epoch  [48]  mean_val_acc.: 0.65934  mAP: 1.51952  mF1Score: 1.27639  best_val_epoch: 3
2024-05-14 13:40:39,168 - INFO: ====================================================================================================
2024-05-14 13:40:39,862 - INFO: Epoch(train)  [49][0/106]  lr: 0.000014  train_loss: 0.000510  train_acc.: 1.000000
2024-05-14 13:40:50,576 - INFO: Epoch(train)  [49][50/106]  lr: 0.000012  train_loss: 0.012772  train_acc.: 1.000000
2024-05-14 13:41:01,308 - INFO: Epoch(train)  [49][100/106]  lr: 0.000011  train_loss: 0.003321  train_acc.: 1.000000
2024-05-14 13:41:03,862 - INFO: acc: 0.6923076923076923
2024-05-14 13:41:05,045 - INFO: 
catagory          AP    F1_Score
----------  --------  ----------
tumourous   0.820684    0.745455
no_tumo     0.753581    0.611111
average     0.787132    0.678283
2024-05-14 13:41:07,408 - INFO: ====================================================================================================
2024-05-14 13:41:07,408 - INFO: Epoch  [49]  mean_val_acc.: 0.69231  mAP: 1.57426  mF1Score: 1.35657  best_val_epoch: 3
2024-05-14 13:41:07,408 - INFO: ====================================================================================================
2024-05-14 13:41:08,058 - INFO: Epoch(train)  [50][0/106]  lr: 0.000011  train_loss: 0.006039  train_acc.: 1.000000
2024-05-14 13:41:18,928 - INFO: Epoch(train)  [50][50/106]  lr: 0.000010  train_loss: 0.000647  train_acc.: 1.000000
2024-05-14 13:41:29,783 - INFO: Epoch(train)  [50][100/106]  lr: 0.000010  train_loss: 0.029940  train_acc.: 0.984375
2024-05-14 13:41:32,281 - INFO: acc: 0.6483516483516484
2024-05-14 13:41:33,383 - INFO: 
catagory          AP    F1_Score
----------  --------  ----------
tumourous   0.803681    0.719298
no_tumo     0.717735    0.529412
average     0.760708    0.624355
2024-05-14 13:41:35,581 - INFO: ====================================================================================================
2024-05-14 13:41:35,582 - INFO: Epoch  [50]  mean_val_acc.: 0.64835  mAP: 1.52142  mF1Score: 1.24871  best_val_epoch: 3
2024-05-14 13:41:35,582 - INFO: ====================================================================================================
2024-05-14 13:41:37,059 - INFO: acc: 0.8131868131868132
2024-05-14 13:41:38,100 - INFO: 
catagory          AP    F1_Score
----------  --------  ----------
tumourous   0.893028    0.813187
no_tumo     0.829135    0.813187
average     0.861082    0.813187
